<?xml version="1.0" encoding="UTF-8"?>
<!-- Generated by org.testng.reporters.JUnitReportReporter -->
<testsuite skipped="0" hostname="SQLBILAB" name="test.ValidatethemonthdropddownTest$AddCategoryTest" tests="2" failures="0" timestamp="2020-08-31T22:29:59 CDT" time="5.849" errors="0">
  <testcase name="validateThedropDownMonthList" time="0.077" classname="test.ValidatethemonthdropddownTest$AddCategoryTest"/>
  <system-out/>
  <testcase name="StartFirst" time="5.772" classname="test.ValidatethemonthdropddownTest$AddCategoryTest"/>
  <system-out/>
</testsuite> <!-- test.ValidatethemonthdropddownTest$AddCategoryTest -->
